2024-12-04 08:11:50 - Requête SQL : SELECT * FROM UB_TFT_UNIT
2024-12-04 08:11:50 - Requête SQL : SELECT * FROM UB_TFT_ORIGIN JOIN UB_TFT_UNITORIGIN ON UB_TFT_ORIGIN.id = UB_TFT_UNITORIGIN.id_origin WHERE UB_TFT_UNITORIGIN.id_unit = :id avec les paramètres {"id":"1"}
2024-12-04 08:11:50 - Requête SQL : SELECT * FROM UB_TFT_ORIGIN JOIN UB_TFT_UNITORIGIN ON UB_TFT_ORIGIN.id = UB_TFT_UNITORIGIN.id_origin WHERE UB_TFT_UNITORIGIN.id_unit = :id avec les paramètres {"id":"2"}
2024-12-04 08:11:50 - Requête SQL : SELECT * FROM UB_TFT_ORIGIN JOIN UB_TFT_UNITORIGIN ON UB_TFT_ORIGIN.id = UB_TFT_UNITORIGIN.id_origin WHERE UB_TFT_UNITORIGIN.id_unit = :id avec les paramètres {"id":"3"}
2024-12-04 08:11:50 - Requête SQL : SELECT * FROM UB_TFT_ORIGIN JOIN UB_TFT_UNITORIGIN ON UB_TFT_ORIGIN.id = UB_TFT_UNITORIGIN.id_origin WHERE UB_TFT_UNITORIGIN.id_unit = :id avec les paramètres {"id":"4"}
2024-12-04 08:11:50 - Requête SQL : SELECT * FROM UB_TFT_ORIGIN JOIN UB_TFT_UNITORIGIN ON UB_TFT_ORIGIN.id = UB_TFT_UNITORIGIN.id_origin WHERE UB_TFT_UNITORIGIN.id_unit = :id avec les paramètres {"id":"5"}
2024-12-04 08:11:50 - Requête SQL : SELECT * FROM UB_TFT_ORIGIN JOIN UB_TFT_UNITORIGIN ON UB_TFT_ORIGIN.id = UB_TFT_UNITORIGIN.id_origin WHERE UB_TFT_UNITORIGIN.id_unit = :id avec les paramètres {"id":"674979ee11db6"}
2024-12-04 08:11:50 - Requête SQL : SELECT * FROM UB_TFT_ORIGIN JOIN UB_TFT_UNITORIGIN ON UB_TFT_ORIGIN.id = UB_TFT_UNITORIGIN.id_origin WHERE UB_TFT_UNITORIGIN.id_unit = :id avec les paramètres {"id":"674f192338aa4"}
2024-12-04 08:11:50 - Requête SQL : SELECT * FROM UB_TFT_ORIGIN JOIN UB_TFT_UNITORIGIN ON UB_TFT_ORIGIN.id = UB_TFT_UNITORIGIN.id_origin WHERE UB_TFT_UNITORIGIN.id_unit = :id avec les paramètres {"id":"674f193958439"}
2024-12-04 08:11:50 - Requête SQL : SELECT * FROM UB_TFT_ORIGIN JOIN UB_TFT_UNITORIGIN ON UB_TFT_ORIGIN.id = UB_TFT_UNITORIGIN.id_origin WHERE UB_TFT_UNITORIGIN.id_unit = :id avec les paramètres {"id":"674f27f29a128"}
2024-12-04 08:11:53 - Requête SQL : SELECT * FROM UB_TFT_UNIT WHERE id = :id avec les paramètres {"id":"2"}
2024-12-04 08:11:53 - Requête SQL : SELECT * FROM UB_TFT_ORIGIN JOIN UB_TFT_UNITORIGIN ON UB_TFT_ORIGIN.id = UB_TFT_UNITORIGIN.id_origin WHERE UB_TFT_UNITORIGIN.id_unit = :id avec les paramètres {"id":"2"}
2024-12-04 08:11:53 - Requête SQL : SELECT * FROM UB_TFT_ORIGIN
2024-12-04 08:13:03 - Requête SQL : SELECT * FROM UB_TFT_UNIT
2024-12-04 08:13:03 - Requête SQL : SELECT * FROM UB_TFT_ORIGIN JOIN UB_TFT_UNITORIGIN ON UB_TFT_ORIGIN.id = UB_TFT_UNITORIGIN.id_origin WHERE UB_TFT_UNITORIGIN.id_unit = :id avec les paramètres {"id":"1"}
2024-12-04 08:13:03 - Requête SQL : SELECT * FROM UB_TFT_ORIGIN JOIN UB_TFT_UNITORIGIN ON UB_TFT_ORIGIN.id = UB_TFT_UNITORIGIN.id_origin WHERE UB_TFT_UNITORIGIN.id_unit = :id avec les paramètres {"id":"2"}
2024-12-04 08:13:03 - Requête SQL : SELECT * FROM UB_TFT_ORIGIN JOIN UB_TFT_UNITORIGIN ON UB_TFT_ORIGIN.id = UB_TFT_UNITORIGIN.id_origin WHERE UB_TFT_UNITORIGIN.id_unit = :id avec les paramètres {"id":"3"}
2024-12-04 08:13:03 - Requête SQL : SELECT * FROM UB_TFT_ORIGIN JOIN UB_TFT_UNITORIGIN ON UB_TFT_ORIGIN.id = UB_TFT_UNITORIGIN.id_origin WHERE UB_TFT_UNITORIGIN.id_unit = :id avec les paramètres {"id":"4"}
2024-12-04 08:13:03 - Requête SQL : SELECT * FROM UB_TFT_ORIGIN JOIN UB_TFT_UNITORIGIN ON UB_TFT_ORIGIN.id = UB_TFT_UNITORIGIN.id_origin WHERE UB_TFT_UNITORIGIN.id_unit = :id avec les paramètres {"id":"5"}
2024-12-04 08:13:03 - Requête SQL : SELECT * FROM UB_TFT_ORIGIN JOIN UB_TFT_UNITORIGIN ON UB_TFT_ORIGIN.id = UB_TFT_UNITORIGIN.id_origin WHERE UB_TFT_UNITORIGIN.id_unit = :id avec les paramètres {"id":"674979ee11db6"}
2024-12-04 08:13:03 - Requête SQL : SELECT * FROM UB_TFT_ORIGIN JOIN UB_TFT_UNITORIGIN ON UB_TFT_ORIGIN.id = UB_TFT_UNITORIGIN.id_origin WHERE UB_TFT_UNITORIGIN.id_unit = :id avec les paramètres {"id":"674f192338aa4"}
2024-12-04 08:13:03 - Requête SQL : SELECT * FROM UB_TFT_ORIGIN JOIN UB_TFT_UNITORIGIN ON UB_TFT_ORIGIN.id = UB_TFT_UNITORIGIN.id_origin WHERE UB_TFT_UNITORIGIN.id_unit = :id avec les paramètres {"id":"674f193958439"}
2024-12-04 08:13:03 - Requête SQL : SELECT * FROM UB_TFT_ORIGIN JOIN UB_TFT_UNITORIGIN ON UB_TFT_ORIGIN.id = UB_TFT_UNITORIGIN.id_origin WHERE UB_TFT_UNITORIGIN.id_unit = :id avec les paramètres {"id":"674f27f29a128"}
2024-12-04 08:13:05 - Requête SQL : SELECT * FROM UB_TFT_ORIGIN
2024-12-04 08:13:09 - Requête SQL : SELECT * FROM UB_TFT_UNIT
2024-12-04 08:13:09 - Requête SQL : SELECT * FROM UB_TFT_ORIGIN JOIN UB_TFT_UNITORIGIN ON UB_TFT_ORIGIN.id = UB_TFT_UNITORIGIN.id_origin WHERE UB_TFT_UNITORIGIN.id_unit = :id avec les paramètres {"id":"1"}
2024-12-04 08:13:09 - Requête SQL : SELECT * FROM UB_TFT_ORIGIN JOIN UB_TFT_UNITORIGIN ON UB_TFT_ORIGIN.id = UB_TFT_UNITORIGIN.id_origin WHERE UB_TFT_UNITORIGIN.id_unit = :id avec les paramètres {"id":"2"}
2024-12-04 08:13:09 - Requête SQL : SELECT * FROM UB_TFT_ORIGIN JOIN UB_TFT_UNITORIGIN ON UB_TFT_ORIGIN.id = UB_TFT_UNITORIGIN.id_origin WHERE UB_TFT_UNITORIGIN.id_unit = :id avec les paramètres {"id":"3"}
2024-12-04 08:13:09 - Requête SQL : SELECT * FROM UB_TFT_ORIGIN JOIN UB_TFT_UNITORIGIN ON UB_TFT_ORIGIN.id = UB_TFT_UNITORIGIN.id_origin WHERE UB_TFT_UNITORIGIN.id_unit = :id avec les paramètres {"id":"4"}
2024-12-04 08:13:09 - Requête SQL : SELECT * FROM UB_TFT_ORIGIN JOIN UB_TFT_UNITORIGIN ON UB_TFT_ORIGIN.id = UB_TFT_UNITORIGIN.id_origin WHERE UB_TFT_UNITORIGIN.id_unit = :id avec les paramètres {"id":"5"}
2024-12-04 08:13:09 - Requête SQL : SELECT * FROM UB_TFT_ORIGIN JOIN UB_TFT_UNITORIGIN ON UB_TFT_ORIGIN.id = UB_TFT_UNITORIGIN.id_origin WHERE UB_TFT_UNITORIGIN.id_unit = :id avec les paramètres {"id":"674979ee11db6"}
2024-12-04 08:13:09 - Requête SQL : SELECT * FROM UB_TFT_ORIGIN JOIN UB_TFT_UNITORIGIN ON UB_TFT_ORIGIN.id = UB_TFT_UNITORIGIN.id_origin WHERE UB_TFT_UNITORIGIN.id_unit = :id avec les paramètres {"id":"674f192338aa4"}
2024-12-04 08:13:09 - Requête SQL : SELECT * FROM UB_TFT_ORIGIN JOIN UB_TFT_UNITORIGIN ON UB_TFT_ORIGIN.id = UB_TFT_UNITORIGIN.id_origin WHERE UB_TFT_UNITORIGIN.id_unit = :id avec les paramètres {"id":"674f193958439"}
2024-12-04 08:13:09 - Requête SQL : SELECT * FROM UB_TFT_ORIGIN JOIN UB_TFT_UNITORIGIN ON UB_TFT_ORIGIN.id = UB_TFT_UNITORIGIN.id_origin WHERE UB_TFT_UNITORIGIN.id_unit = :id avec les paramètres {"id":"674f27f29a128"}
2024-12-04 08:13:10 - Requête SQL : SELECT * FROM UB_TFT_UNIT WHERE id = :id avec les paramètres {"id":"2"}
2024-12-04 08:13:10 - Requête SQL : SELECT * FROM UB_TFT_ORIGIN JOIN UB_TFT_UNITORIGIN ON UB_TFT_ORIGIN.id = UB_TFT_UNITORIGIN.id_origin WHERE UB_TFT_UNITORIGIN.id_unit = :id avec les paramètres {"id":"2"}
2024-12-04 08:13:10 - Requête SQL : SELECT * FROM UB_TFT_ORIGIN
2024-12-04 08:13:13 - Requête SQL : SELECT * FROM UB_TFT_UNIT
2024-12-04 08:13:13 - Requête SQL : SELECT * FROM UB_TFT_ORIGIN JOIN UB_TFT_UNITORIGIN ON UB_TFT_ORIGIN.id = UB_TFT_UNITORIGIN.id_origin WHERE UB_TFT_UNITORIGIN.id_unit = :id avec les paramètres {"id":"1"}
2024-12-04 08:13:13 - Requête SQL : SELECT * FROM UB_TFT_ORIGIN JOIN UB_TFT_UNITORIGIN ON UB_TFT_ORIGIN.id = UB_TFT_UNITORIGIN.id_origin WHERE UB_TFT_UNITORIGIN.id_unit = :id avec les paramètres {"id":"2"}
2024-12-04 08:13:13 - Requête SQL : SELECT * FROM UB_TFT_ORIGIN JOIN UB_TFT_UNITORIGIN ON UB_TFT_ORIGIN.id = UB_TFT_UNITORIGIN.id_origin WHERE UB_TFT_UNITORIGIN.id_unit = :id avec les paramètres {"id":"3"}
2024-12-04 08:13:13 - Requête SQL : SELECT * FROM UB_TFT_ORIGIN JOIN UB_TFT_UNITORIGIN ON UB_TFT_ORIGIN.id = UB_TFT_UNITORIGIN.id_origin WHERE UB_TFT_UNITORIGIN.id_unit = :id avec les paramètres {"id":"4"}
2024-12-04 08:13:13 - Requête SQL : SELECT * FROM UB_TFT_ORIGIN JOIN UB_TFT_UNITORIGIN ON UB_TFT_ORIGIN.id = UB_TFT_UNITORIGIN.id_origin WHERE UB_TFT_UNITORIGIN.id_unit = :id avec les paramètres {"id":"5"}
2024-12-04 08:13:13 - Requête SQL : SELECT * FROM UB_TFT_ORIGIN JOIN UB_TFT_UNITORIGIN ON UB_TFT_ORIGIN.id = UB_TFT_UNITORIGIN.id_origin WHERE UB_TFT_UNITORIGIN.id_unit = :id avec les paramètres {"id":"674979ee11db6"}
2024-12-04 08:13:13 - Requête SQL : SELECT * FROM UB_TFT_ORIGIN JOIN UB_TFT_UNITORIGIN ON UB_TFT_ORIGIN.id = UB_TFT_UNITORIGIN.id_origin WHERE UB_TFT_UNITORIGIN.id_unit = :id avec les paramètres {"id":"674f192338aa4"}
2024-12-04 08:13:13 - Requête SQL : SELECT * FROM UB_TFT_ORIGIN JOIN UB_TFT_UNITORIGIN ON UB_TFT_ORIGIN.id = UB_TFT_UNITORIGIN.id_origin WHERE UB_TFT_UNITORIGIN.id_unit = :id avec les paramètres {"id":"674f193958439"}
2024-12-04 08:13:13 - Requête SQL : SELECT * FROM UB_TFT_ORIGIN JOIN UB_TFT_UNITORIGIN ON UB_TFT_ORIGIN.id = UB_TFT_UNITORIGIN.id_origin WHERE UB_TFT_UNITORIGIN.id_unit = :id avec les paramètres {"id":"674f27f29a128"}
2024-12-04 08:13:17 - Requête SQL : DELETE FROM UB_TFT_UNIT WHERE id = :id avec les paramètres {"id":"674f27f29a128"}
2024-12-04 08:13:17 - Requête SQL : SELECT * FROM UB_TFT_UNIT
2024-12-04 08:13:17 - Requête SQL : SELECT * FROM UB_TFT_ORIGIN JOIN UB_TFT_UNITORIGIN ON UB_TFT_ORIGIN.id = UB_TFT_UNITORIGIN.id_origin WHERE UB_TFT_UNITORIGIN.id_unit = :id avec les paramètres {"id":"1"}
2024-12-04 08:13:17 - Requête SQL : SELECT * FROM UB_TFT_ORIGIN JOIN UB_TFT_UNITORIGIN ON UB_TFT_ORIGIN.id = UB_TFT_UNITORIGIN.id_origin WHERE UB_TFT_UNITORIGIN.id_unit = :id avec les paramètres {"id":"2"}
2024-12-04 08:13:17 - Requête SQL : SELECT * FROM UB_TFT_ORIGIN JOIN UB_TFT_UNITORIGIN ON UB_TFT_ORIGIN.id = UB_TFT_UNITORIGIN.id_origin WHERE UB_TFT_UNITORIGIN.id_unit = :id avec les paramètres {"id":"3"}
2024-12-04 08:13:17 - Requête SQL : SELECT * FROM UB_TFT_ORIGIN JOIN UB_TFT_UNITORIGIN ON UB_TFT_ORIGIN.id = UB_TFT_UNITORIGIN.id_origin WHERE UB_TFT_UNITORIGIN.id_unit = :id avec les paramètres {"id":"4"}
2024-12-04 08:13:17 - Requête SQL : SELECT * FROM UB_TFT_ORIGIN JOIN UB_TFT_UNITORIGIN ON UB_TFT_ORIGIN.id = UB_TFT_UNITORIGIN.id_origin WHERE UB_TFT_UNITORIGIN.id_unit = :id avec les paramètres {"id":"5"}
2024-12-04 08:13:17 - Requête SQL : SELECT * FROM UB_TFT_ORIGIN JOIN UB_TFT_UNITORIGIN ON UB_TFT_ORIGIN.id = UB_TFT_UNITORIGIN.id_origin WHERE UB_TFT_UNITORIGIN.id_unit = :id avec les paramètres {"id":"674979ee11db6"}
2024-12-04 08:13:17 - Requête SQL : SELECT * FROM UB_TFT_ORIGIN JOIN UB_TFT_UNITORIGIN ON UB_TFT_ORIGIN.id = UB_TFT_UNITORIGIN.id_origin WHERE UB_TFT_UNITORIGIN.id_unit = :id avec les paramètres {"id":"674f192338aa4"}
2024-12-04 08:13:17 - Requête SQL : SELECT * FROM UB_TFT_ORIGIN JOIN UB_TFT_UNITORIGIN ON UB_TFT_ORIGIN.id = UB_TFT_UNITORIGIN.id_origin WHERE UB_TFT_UNITORIGIN.id_unit = :id avec les paramètres {"id":"674f193958439"}
